[2026-06-12 10:31:21] resolve_resume_file_path check for filename '1781238687_MACHA_MADHAVIResume.pdf':
- Database path/filename: 1781238687_MACHA_MADHAVIResume.pdf
- Checked paths: C:\xampp\htdocs\IMP\includes/uploads/resumes/1781238687_MACHA_MADHAVIResume.pdf, C:\xampp\htdocs\IMP\includes/uploads/secure/1781238687_MACHA_MADHAVIResume.pdf, C:\xampp\htdocs\IMP\includes/uploads/aadhaar/1781238687_MACHA_MADHAVIResume.pdf, C:\xampp\htdocs\IMP\includes/uploads/pan/1781238687_MACHA_MADHAVIResume.pdf, C:\xampp\htdocs\IMP\includes/uploads/profile/1781238687_MACHA_MADHAVIResume.pdf, C:\xampp\htdocs\IMP\includes/uploads/1781238687_MACHA_MADHAVIResume.pdf, C:\Windows\TEMP/imp_uploads/1781238687_MACHA_MADHAVIResume.pdf
- Resolved path: NONE
[2026-06-12 10:49:12] resolve_resume_file_path check for filename '1781238687_MACHA_MADHAVIResume.pdf':
- Database path/filename: 1781238687_MACHA_MADHAVIResume.pdf
- Checked paths: C:\xampp\htdocs\IMP\includes/uploads/resumes/1781238687_MACHA_MADHAVIResume.pdf, C:\xampp\htdocs\IMP\includes/uploads/secure/1781238687_MACHA_MADHAVIResume.pdf, C:\xampp\htdocs\IMP\includes/uploads/aadhaar/1781238687_MACHA_MADHAVIResume.pdf, C:\xampp\htdocs\IMP\includes/uploads/pan/1781238687_MACHA_MADHAVIResume.pdf, C:\xampp\htdocs\IMP\includes/uploads/profile/1781238687_MACHA_MADHAVIResume.pdf, C:\xampp\htdocs\IMP\includes/uploads/1781238687_MACHA_MADHAVIResume.pdf, C:\Windows\TEMP/imp_uploads/1781238687_MACHA_MADHAVIResume.pdf
- Resolved path: NONE
[2026-06-12 11:39:08] resolve_resume_file_path check for filename '1781256996_RESUME.pdf':
- Database path/filename: 1781256996_RESUME.pdf
- Checked paths: C:\xampp\htdocs\IMP\includes/uploads/resumes/1781256996_RESUME.pdf, C:\xampp\htdocs\IMP\includes/uploads/secure/1781256996_RESUME.pdf, C:\xampp\htdocs\IMP\includes/uploads/aadhaar/1781256996_RESUME.pdf, C:\xampp\htdocs\IMP\includes/uploads/pan/1781256996_RESUME.pdf, C:\xampp\htdocs\IMP\includes/uploads/profile/1781256996_RESUME.pdf, C:\xampp\htdocs\IMP\includes/uploads/1781256996_RESUME.pdf, C:\Windows\TEMP/imp_uploads/1781256996_RESUME.pdf
- Resolved path: NONE
[2026-06-12 11:39:52] resolve_resume_file_path check for filename '1781256996_RESUME.pdf':
- Database path/filename: 1781256996_RESUME.pdf
- Checked paths: C:\xampp\htdocs\IMP\includes/uploads/resumes/1781256996_RESUME.pdf, C:\xampp\htdocs\IMP\includes/uploads/secure/1781256996_RESUME.pdf, C:\xampp\htdocs\IMP\includes/uploads/aadhaar/1781256996_RESUME.pdf, C:\xampp\htdocs\IMP\includes/uploads/pan/1781256996_RESUME.pdf, C:\xampp\htdocs\IMP\includes/uploads/profile/1781256996_RESUME.pdf, C:\xampp\htdocs\IMP\includes/uploads/1781256996_RESUME.pdf, C:\Windows\TEMP/imp_uploads/1781256996_RESUME.pdf
- Resolved path: NONE
[2026-06-12 11:43:00] resolve_resume_file_path check for filename '1781256996_RESUME.pdf':
- Database path/filename: 1781256996_RESUME.pdf
- Checked paths: C:\xampp\htdocs\IMP\includes/uploads/resumes/1781256996_RESUME.pdf, C:\xampp\htdocs\IMP\includes/uploads/secure/1781256996_RESUME.pdf, C:\xampp\htdocs\IMP\includes/uploads/aadhaar/1781256996_RESUME.pdf, C:\xampp\htdocs\IMP\includes/uploads/pan/1781256996_RESUME.pdf, C:\xampp\htdocs\IMP\includes/uploads/profile/1781256996_RESUME.pdf, C:\xampp\htdocs\IMP\includes/uploads/1781256996_RESUME.pdf, C:\Windows\TEMP/imp_uploads/1781256996_RESUME.pdf
- Resolved path: NONE
[2026-06-12 11:47:20] resolve_resume_file_path check for filename '1781256996_RESUME.pdf':
- Database path/filename: 1781256996_RESUME.pdf
- Checked paths: C:\xampp\htdocs\IMP\includes/uploads/resumes/1781256996_RESUME.pdf, C:\xampp\htdocs\IMP\includes/uploads/secure/1781256996_RESUME.pdf, C:\xampp\htdocs\IMP\includes/uploads/aadhaar/1781256996_RESUME.pdf, C:\xampp\htdocs\IMP\includes/uploads/pan/1781256996_RESUME.pdf, C:\xampp\htdocs\IMP\includes/uploads/profile/1781256996_RESUME.pdf, C:\xampp\htdocs\IMP\includes/uploads/1781256996_RESUME.pdf, C:\Windows\TEMP/imp_uploads/1781256996_RESUME.pdf
- Resolved path: NONE
[2026-06-12 11:47:27] resolve_resume_file_path check for filename '1781256996_RESUME.pdf':
- Database path/filename: 1781256996_RESUME.pdf
- Checked paths: C:\xampp\htdocs\IMP\includes/uploads/resumes/1781256996_RESUME.pdf, C:\xampp\htdocs\IMP\includes/uploads/secure/1781256996_RESUME.pdf, C:\xampp\htdocs\IMP\includes/uploads/aadhaar/1781256996_RESUME.pdf, C:\xampp\htdocs\IMP\includes/uploads/pan/1781256996_RESUME.pdf, C:\xampp\htdocs\IMP\includes/uploads/profile/1781256996_RESUME.pdf, C:\xampp\htdocs\IMP\includes/uploads/1781256996_RESUME.pdf, C:\Windows\TEMP/imp_uploads/1781256996_RESUME.pdf
- Resolved path: NONE
[2026-06-12 11:47:39] resolve_resume_file_path check for filename '1781256996_RESUME.pdf':
- Database path/filename: 1781256996_RESUME.pdf
- Checked paths: C:\xampp\htdocs\IMP\includes/uploads/resumes/1781256996_RESUME.pdf, C:\xampp\htdocs\IMP\includes/uploads/secure/1781256996_RESUME.pdf, C:\xampp\htdocs\IMP\includes/uploads/aadhaar/1781256996_RESUME.pdf, C:\xampp\htdocs\IMP\includes/uploads/pan/1781256996_RESUME.pdf, C:\xampp\htdocs\IMP\includes/uploads/profile/1781256996_RESUME.pdf, C:\xampp\htdocs\IMP\includes/uploads/1781256996_RESUME.pdf, C:\Windows\TEMP/imp_uploads/1781256996_RESUME.pdf
- Resolved path: NONE
[2026-06-12 11:48:51] resolve_resume_file_path check for filename '1781238687_MACHA_MADHAVIResume.pdf':
- Database path/filename: 1781238687_MACHA_MADHAVIResume.pdf
- Checked paths: C:\xampp\htdocs\IMP\includes/uploads/resumes/1781238687_MACHA_MADHAVIResume.pdf, C:\xampp\htdocs\IMP\includes/uploads/secure/1781238687_MACHA_MADHAVIResume.pdf, C:\xampp\htdocs\IMP\includes/uploads/aadhaar/1781238687_MACHA_MADHAVIResume.pdf, C:\xampp\htdocs\IMP\includes/uploads/pan/1781238687_MACHA_MADHAVIResume.pdf, C:\xampp\htdocs\IMP\includes/uploads/profile/1781238687_MACHA_MADHAVIResume.pdf, C:\xampp\htdocs\IMP\includes/uploads/1781238687_MACHA_MADHAVIResume.pdf, C:\Windows\TEMP/imp_uploads/1781238687_MACHA_MADHAVIResume.pdf
- Resolved path: NONE
[2026-06-12 11:49:02] resolve_resume_file_path check for filename '1781238687_MACHA_MADHAVIResume.pdf':
- Database path/filename: 1781238687_MACHA_MADHAVIResume.pdf
- Checked paths: C:\xampp\htdocs\IMP\includes/uploads/resumes/1781238687_MACHA_MADHAVIResume.pdf, C:\xampp\htdocs\IMP\includes/uploads/secure/1781238687_MACHA_MADHAVIResume.pdf, C:\xampp\htdocs\IMP\includes/uploads/aadhaar/1781238687_MACHA_MADHAVIResume.pdf, C:\xampp\htdocs\IMP\includes/uploads/pan/1781238687_MACHA_MADHAVIResume.pdf, C:\xampp\htdocs\IMP\includes/uploads/profile/1781238687_MACHA_MADHAVIResume.pdf, C:\xampp\htdocs\IMP\includes/uploads/1781238687_MACHA_MADHAVIResume.pdf, C:\Windows\TEMP/imp_uploads/1781238687_MACHA_MADHAVIResume.pdf
- Resolved path: NONE
[2026-06-12 11:49:08] resolve_resume_file_path check for filename '1781238687_MACHA_MADHAVIResume.pdf':
- Database path/filename: 1781238687_MACHA_MADHAVIResume.pdf
- Checked paths: C:\xampp\htdocs\IMP\includes/uploads/resumes/1781238687_MACHA_MADHAVIResume.pdf, C:\xampp\htdocs\IMP\includes/uploads/secure/1781238687_MACHA_MADHAVIResume.pdf, C:\xampp\htdocs\IMP\includes/uploads/aadhaar/1781238687_MACHA_MADHAVIResume.pdf, C:\xampp\htdocs\IMP\includes/uploads/pan/1781238687_MACHA_MADHAVIResume.pdf, C:\xampp\htdocs\IMP\includes/uploads/profile/1781238687_MACHA_MADHAVIResume.pdf, C:\xampp\htdocs\IMP\includes/uploads/1781238687_MACHA_MADHAVIResume.pdf, C:\Windows\TEMP/imp_uploads/1781238687_MACHA_MADHAVIResume.pdf
- Resolved path: NONE
[2026-06-12 11:49:21] resolve_resume_file_path check for filename '1781238687_MACHA_MADHAVIResume.pdf':
- Database path/filename: 1781238687_MACHA_MADHAVIResume.pdf
- Checked paths: C:\xampp\htdocs\IMP\includes/uploads/resumes/1781238687_MACHA_MADHAVIResume.pdf, C:\xampp\htdocs\IMP\includes/uploads/secure/1781238687_MACHA_MADHAVIResume.pdf, C:\xampp\htdocs\IMP\includes/uploads/aadhaar/1781238687_MACHA_MADHAVIResume.pdf, C:\xampp\htdocs\IMP\includes/uploads/pan/1781238687_MACHA_MADHAVIResume.pdf, C:\xampp\htdocs\IMP\includes/uploads/profile/1781238687_MACHA_MADHAVIResume.pdf, C:\xampp\htdocs\IMP\includes/uploads/1781238687_MACHA_MADHAVIResume.pdf, C:\Windows\TEMP/imp_uploads/1781238687_MACHA_MADHAVIResume.pdf
- Resolved path: NONE
[2026-06-12 12:00:15] resolve_resume_file_path check for filename '1781256996_RESUME.pdf':
- Database path/filename: 1781256996_RESUME.pdf
- Checked paths: C:\xampp\htdocs\IMP\includes/uploads/resumes/1781256996_RESUME.pdf, C:\xampp\htdocs\IMP\includes/uploads/secure/1781256996_RESUME.pdf, C:\xampp\htdocs\IMP\includes/uploads/aadhaar/1781256996_RESUME.pdf, C:\xampp\htdocs\IMP\includes/uploads/pan/1781256996_RESUME.pdf, C:\xampp\htdocs\IMP\includes/uploads/profile/1781256996_RESUME.pdf, C:\xampp\htdocs\IMP\includes/uploads/1781256996_RESUME.pdf, C:\Windows\TEMP/imp_uploads/1781256996_RESUME.pdf
- Resolved path: NONE
[2026-06-12 12:00:35] resolve_resume_file_path check for filename '1781256996_RESUME.pdf':
- Database path/filename: 1781256996_RESUME.pdf
- Checked paths: C:\xampp\htdocs\IMP\includes/uploads/resumes/1781256996_RESUME.pdf, C:\xampp\htdocs\IMP\includes/uploads/secure/1781256996_RESUME.pdf, C:\xampp\htdocs\IMP\includes/uploads/aadhaar/1781256996_RESUME.pdf, C:\xampp\htdocs\IMP\includes/uploads/pan/1781256996_RESUME.pdf, C:\xampp\htdocs\IMP\includes/uploads/profile/1781256996_RESUME.pdf, C:\xampp\htdocs\IMP\includes/uploads/1781256996_RESUME.pdf, C:\Windows\TEMP/imp_uploads/1781256996_RESUME.pdf
- Resolved path: NONE
[2026-06-12 12:01:07] resolve_resume_file_path check for filename '1781256996_RESUME.pdf':
- Database path/filename: 1781256996_RESUME.pdf
- Checked paths: C:\xampp\htdocs\IMP\includes/uploads/resumes/1781256996_RESUME.pdf, C:\xampp\htdocs\IMP\includes/uploads/secure/1781256996_RESUME.pdf, C:\xampp\htdocs\IMP\includes/uploads/aadhaar/1781256996_RESUME.pdf, C:\xampp\htdocs\IMP\includes/uploads/pan/1781256996_RESUME.pdf, C:\xampp\htdocs\IMP\includes/uploads/profile/1781256996_RESUME.pdf, C:\xampp\htdocs\IMP\includes/uploads/1781256996_RESUME.pdf, C:\Windows\TEMP/imp_uploads/1781256996_RESUME.pdf
- Resolved path: NONE
[2026-06-12 12:04:18] resolve_resume_file_path check for filename '1781256996_RESUME.pdf':
- Database path/filename: 1781256996_RESUME.pdf
- Checked paths: C:\xampp\htdocs\IMP\includes/uploads/resumes/1781256996_RESUME.pdf, C:\xampp\htdocs\IMP\includes/uploads/secure/1781256996_RESUME.pdf, C:\xampp\htdocs\IMP\includes/uploads/aadhaar/1781256996_RESUME.pdf, C:\xampp\htdocs\IMP\includes/uploads/pan/1781256996_RESUME.pdf, C:\xampp\htdocs\IMP\includes/uploads/profile/1781256996_RESUME.pdf, C:\xampp\htdocs\IMP\includes/uploads/1781256996_RESUME.pdf, C:\Windows\TEMP/imp_uploads/1781256996_RESUME.pdf
- Resolved path: NONE
[2026-06-12 12:04:48] resolve_resume_file_path check for filename '1781256996_RESUME.pdf':
- Database path/filename: 1781256996_RESUME.pdf
- Checked paths: C:\xampp\htdocs\IMP\includes/uploads/resumes/1781256996_RESUME.pdf, C:\xampp\htdocs\IMP\includes/uploads/secure/1781256996_RESUME.pdf, C:\xampp\htdocs\IMP\includes/uploads/aadhaar/1781256996_RESUME.pdf, C:\xampp\htdocs\IMP\includes/uploads/pan/1781256996_RESUME.pdf, C:\xampp\htdocs\IMP\includes/uploads/profile/1781256996_RESUME.pdf, C:\xampp\htdocs\IMP\includes/uploads/1781256996_RESUME.pdf, C:\Windows\TEMP/imp_uploads/1781256996_RESUME.pdf
- Resolved path: NONE
[2026-06-12 12:12:39] resolve_resume_file_path check for filename '1781256996_RESUME.pdf':
- Database path/filename: 1781256996_RESUME.pdf
- Checked paths: C:\xampp\htdocs\IMP\includes/uploads/resumes/1781256996_RESUME.pdf, C:\xampp\htdocs\IMP\includes/uploads/secure/1781256996_RESUME.pdf, C:\xampp\htdocs\IMP\includes/uploads/aadhaar/1781256996_RESUME.pdf, C:\xampp\htdocs\IMP\includes/uploads/pan/1781256996_RESUME.pdf, C:\xampp\htdocs\IMP\includes/uploads/profile/1781256996_RESUME.pdf, C:\xampp\htdocs\IMP\includes/uploads/1781256996_RESUME.pdf, C:\Windows\TEMP/imp_uploads/1781256996_RESUME.pdf
- Resolved path: NONE
[2026-06-12 12:27:48] resolve_resume_file_path check for filename '1781238687_MACHA_MADHAVIResume.pdf':
- Database path/filename: 1781238687_MACHA_MADHAVIResume.pdf
- Checked paths: C:\xampp\htdocs\IMP\includes/uploads/resumes/1781238687_MACHA_MADHAVIResume.pdf, C:\xampp\htdocs\IMP\includes/uploads/secure/1781238687_MACHA_MADHAVIResume.pdf, C:\xampp\htdocs\IMP\includes/uploads/aadhaar/1781238687_MACHA_MADHAVIResume.pdf, C:\xampp\htdocs\IMP\includes/uploads/pan/1781238687_MACHA_MADHAVIResume.pdf, C:\xampp\htdocs\IMP\includes/uploads/profile/1781238687_MACHA_MADHAVIResume.pdf, C:\xampp\htdocs\IMP\includes/uploads/1781238687_MACHA_MADHAVIResume.pdf, C:\Windows\TEMP/imp_uploads/1781238687_MACHA_MADHAVIResume.pdf
- Resolved path: NONE
[2026-06-12 12:28:34] resolve_resume_file_path check for filename '1781256996_RESUME.pdf':
- Database path/filename: 1781256996_RESUME.pdf
- Checked paths: C:\xampp\htdocs\IMP\includes/uploads/resumes/1781256996_RESUME.pdf, C:\xampp\htdocs\IMP\includes/uploads/secure/1781256996_RESUME.pdf, C:\xampp\htdocs\IMP\includes/uploads/aadhaar/1781256996_RESUME.pdf, C:\xampp\htdocs\IMP\includes/uploads/pan/1781256996_RESUME.pdf, C:\xampp\htdocs\IMP\includes/uploads/profile/1781256996_RESUME.pdf, C:\xampp\htdocs\IMP\includes/uploads/1781256996_RESUME.pdf, C:\Windows\TEMP/imp_uploads/1781256996_RESUME.pdf
- Resolved path: NONE
[2026-06-12 12:31:56] resolve_resume_file_path check for filename '1781256996_RESUME.pdf':
- Database path/filename: 1781256996_RESUME.pdf
- Checked paths: C:\xampp\htdocs\IMP\includes/uploads/resumes/1781256996_RESUME.pdf, C:\xampp\htdocs\IMP\includes/uploads/secure/1781256996_RESUME.pdf, C:\xampp\htdocs\IMP\includes/uploads/aadhaar/1781256996_RESUME.pdf, C:\xampp\htdocs\IMP\includes/uploads/pan/1781256996_RESUME.pdf, C:\xampp\htdocs\IMP\includes/uploads/profile/1781256996_RESUME.pdf, C:\xampp\htdocs\IMP\includes/uploads/1781256996_RESUME.pdf, C:\Windows\TEMP/imp_uploads/1781256996_RESUME.pdf
- Resolved path: NONE
[2026-06-12 12:32:12] resolve_resume_file_path check for filename '1781256996_RESUME.pdf':
- Database path/filename: 1781256996_RESUME.pdf
- Checked paths: C:\xampp\htdocs\IMP\includes/uploads/resumes/1781256996_RESUME.pdf, C:\xampp\htdocs\IMP\includes/uploads/secure/1781256996_RESUME.pdf, C:\xampp\htdocs\IMP\includes/uploads/aadhaar/1781256996_RESUME.pdf, C:\xampp\htdocs\IMP\includes/uploads/pan/1781256996_RESUME.pdf, C:\xampp\htdocs\IMP\includes/uploads/profile/1781256996_RESUME.pdf, C:\xampp\htdocs\IMP\includes/uploads/1781256996_RESUME.pdf, C:\Windows\TEMP/imp_uploads/1781256996_RESUME.pdf
- Resolved path: NONE
[2026-06-12 12:32:25] resolve_resume_file_path check for filename '1781256996_RESUME.pdf':
- Database path/filename: 1781256996_RESUME.pdf
- Checked paths: C:\xampp\htdocs\IMP\includes/uploads/resumes/1781256996_RESUME.pdf, C:\xampp\htdocs\IMP\includes/uploads/secure/1781256996_RESUME.pdf, C:\xampp\htdocs\IMP\includes/uploads/aadhaar/1781256996_RESUME.pdf, C:\xampp\htdocs\IMP\includes/uploads/pan/1781256996_RESUME.pdf, C:\xampp\htdocs\IMP\includes/uploads/profile/1781256996_RESUME.pdf, C:\xampp\htdocs\IMP\includes/uploads/1781256996_RESUME.pdf, C:\Windows\TEMP/imp_uploads/1781256996_RESUME.pdf
- Resolved path: NONE
[2026-06-12 12:37:23] resolve_resume_file_path check for filename '1781256996_RESUME.pdf':
- Database path/filename: 1781256996_RESUME.pdf
- Checked paths: C:\xampp\htdocs\IMP\includes/uploads/resumes/1781256996_RESUME.pdf, C:\xampp\htdocs\IMP\includes/uploads/secure/1781256996_RESUME.pdf, C:\xampp\htdocs\IMP\includes/uploads/aadhaar/1781256996_RESUME.pdf, C:\xampp\htdocs\IMP\includes/uploads/pan/1781256996_RESUME.pdf, C:\xampp\htdocs\IMP\includes/uploads/profile/1781256996_RESUME.pdf, C:\xampp\htdocs\IMP\includes/uploads/1781256996_RESUME.pdf, C:\Windows\TEMP/imp_uploads/1781256996_RESUME.pdf
- Resolved path: NONE
[2026-06-12 12:37:26] resolve_resume_file_path check for filename '1781256996_RESUME.pdf':
- Database path/filename: 1781256996_RESUME.pdf
- Checked paths: C:\xampp\htdocs\IMP\includes/uploads/resumes/1781256996_RESUME.pdf, C:\xampp\htdocs\IMP\includes/uploads/secure/1781256996_RESUME.pdf, C:\xampp\htdocs\IMP\includes/uploads/aadhaar/1781256996_RESUME.pdf, C:\xampp\htdocs\IMP\includes/uploads/pan/1781256996_RESUME.pdf, C:\xampp\htdocs\IMP\includes/uploads/profile/1781256996_RESUME.pdf, C:\xampp\htdocs\IMP\includes/uploads/1781256996_RESUME.pdf, C:\Windows\TEMP/imp_uploads/1781256996_RESUME.pdf
- Resolved path: NONE
[2026-06-12 12:56:51] resolve_resume_file_path check for filename '1781256996_RESUME.pdf':
- Database path/filename: 1781256996_RESUME.pdf
- Checked paths: C:\xampp\htdocs\IMP\includes/uploads/resumes/1781256996_RESUME.pdf, C:\xampp\htdocs\IMP\includes/uploads/secure/1781256996_RESUME.pdf, C:\xampp\htdocs\IMP\includes/uploads/aadhaar/1781256996_RESUME.pdf, C:\xampp\htdocs\IMP\includes/uploads/pan/1781256996_RESUME.pdf, C:\xampp\htdocs\IMP\includes/uploads/profile/1781256996_RESUME.pdf, C:\xampp\htdocs\IMP\includes/uploads/1781256996_RESUME.pdf, C:\Windows\TEMP/imp_uploads/1781256996_RESUME.pdf
- Resolved path: NONE
[2026-06-12 12:57:07] resolve_resume_file_path check for filename '1781256996_RESUME.pdf':
- Database path/filename: 1781256996_RESUME.pdf
- Checked paths: C:\xampp\htdocs\IMP\includes/uploads/resumes/1781256996_RESUME.pdf, C:\xampp\htdocs\IMP\includes/uploads/secure/1781256996_RESUME.pdf, C:\xampp\htdocs\IMP\includes/uploads/aadhaar/1781256996_RESUME.pdf, C:\xampp\htdocs\IMP\includes/uploads/pan/1781256996_RESUME.pdf, C:\xampp\htdocs\IMP\includes/uploads/profile/1781256996_RESUME.pdf, C:\xampp\htdocs\IMP\includes/uploads/1781256996_RESUME.pdf, C:\Windows\TEMP/imp_uploads/1781256996_RESUME.pdf
- Resolved path: NONE
[2026-06-12 13:12:50] resolve_resume_file_path check for filename '1781256996_RESUME.pdf':
- Database path/filename: 1781256996_RESUME.pdf
- Checked paths: C:\xampp\htdocs\IMP\includes/uploads/resumes/1781256996_RESUME.pdf, C:\xampp\htdocs\IMP\includes/uploads/secure/1781256996_RESUME.pdf, C:\xampp\htdocs\IMP\includes/uploads/aadhaar/1781256996_RESUME.pdf, C:\xampp\htdocs\IMP\includes/uploads/pan/1781256996_RESUME.pdf, C:\xampp\htdocs\IMP\includes/uploads/profile/1781256996_RESUME.pdf, C:\xampp\htdocs\IMP\includes/uploads/1781256996_RESUME.pdf, C:\Windows\TEMP/imp_uploads/1781256996_RESUME.pdf
- Resolved path: NONE
[2026-06-12 13:13:04] resolve_resume_file_path check for filename '1781256996_RESUME.pdf':
- Database path/filename: 1781256996_RESUME.pdf
- Checked paths: C:\xampp\htdocs\IMP\includes/uploads/resumes/1781256996_RESUME.pdf, C:\xampp\htdocs\IMP\includes/uploads/secure/1781256996_RESUME.pdf, C:\xampp\htdocs\IMP\includes/uploads/aadhaar/1781256996_RESUME.pdf, C:\xampp\htdocs\IMP\includes/uploads/pan/1781256996_RESUME.pdf, C:\xampp\htdocs\IMP\includes/uploads/profile/1781256996_RESUME.pdf, C:\xampp\htdocs\IMP\includes/uploads/1781256996_RESUME.pdf, C:\Windows\TEMP/imp_uploads/1781256996_RESUME.pdf
- Resolved path: NONE
[2026-06-12 13:21:48] resolve_resume_file_path check for filename '1781256996_RESUME.pdf':
- Database path/filename: 1781256996_RESUME.pdf
- Checked paths: C:\xampp\htdocs\IMP\includes/uploads/resumes/1781256996_RESUME.pdf, C:\xampp\htdocs\IMP\includes/uploads/secure/1781256996_RESUME.pdf, C:\xampp\htdocs\IMP\includes/uploads/aadhaar/1781256996_RESUME.pdf, C:\xampp\htdocs\IMP\includes/uploads/pan/1781256996_RESUME.pdf, C:\xampp\htdocs\IMP\includes/uploads/profile/1781256996_RESUME.pdf, C:\xampp\htdocs\IMP\includes/uploads/1781256996_RESUME.pdf, C:\Windows\TEMP/imp_uploads/1781256996_RESUME.pdf
- Resolved path: NONE
[2026-06-12 13:23:49] resolve_resume_file_path check for filename '1781256996_RESUME.pdf':
- Database path/filename: 1781256996_RESUME.pdf
- Checked paths: C:\xampp\htdocs\IMP\includes/uploads/resumes/1781256996_RESUME.pdf, C:\xampp\htdocs\IMP\includes/uploads/secure/1781256996_RESUME.pdf, C:\xampp\htdocs\IMP\includes/uploads/aadhaar/1781256996_RESUME.pdf, C:\xampp\htdocs\IMP\includes/uploads/pan/1781256996_RESUME.pdf, C:\xampp\htdocs\IMP\includes/uploads/profile/1781256996_RESUME.pdf, C:\xampp\htdocs\IMP\includes/uploads/1781256996_RESUME.pdf, C:\Windows\TEMP/imp_uploads/1781256996_RESUME.pdf
- Resolved path: NONE
[2026-06-12 13:24:42] resolve_resume_file_path check for filename '1781256996_RESUME.pdf':
- Database path/filename: 1781256996_RESUME.pdf
- Checked paths: C:\xampp\htdocs\IMP\includes/uploads/resumes/1781256996_RESUME.pdf, C:\xampp\htdocs\IMP\includes/uploads/secure/1781256996_RESUME.pdf, C:\xampp\htdocs\IMP\includes/uploads/aadhaar/1781256996_RESUME.pdf, C:\xampp\htdocs\IMP\includes/uploads/pan/1781256996_RESUME.pdf, C:\xampp\htdocs\IMP\includes/uploads/profile/1781256996_RESUME.pdf, C:\xampp\htdocs\IMP\includes/uploads/1781256996_RESUME.pdf, C:\Windows\TEMP/imp_uploads/1781256996_RESUME.pdf
- Resolved path: NONE
[2026-06-12 13:24:54] resolve_resume_file_path check for filename '1781256996_RESUME.pdf':
- Database path/filename: 1781256996_RESUME.pdf
- Checked paths: C:\xampp\htdocs\IMP\includes/uploads/resumes/1781256996_RESUME.pdf, C:\xampp\htdocs\IMP\includes/uploads/secure/1781256996_RESUME.pdf, C:\xampp\htdocs\IMP\includes/uploads/aadhaar/1781256996_RESUME.pdf, C:\xampp\htdocs\IMP\includes/uploads/pan/1781256996_RESUME.pdf, C:\xampp\htdocs\IMP\includes/uploads/profile/1781256996_RESUME.pdf, C:\xampp\htdocs\IMP\includes/uploads/1781256996_RESUME.pdf, C:\Windows\TEMP/imp_uploads/1781256996_RESUME.pdf
- Resolved path: NONE
